{
  message: 'Database is connected successfully',
  level: 'info',
  label: 'university Auth Service',
  timestamp: '2023-06-14T10:12:48.298Z'
}
{
  message: 'Example app listening on port 5000',
  level: 'info',
  label: 'university Auth Service',
  timestamp: '2023-06-14T10:12:48.316Z'
}
{
  message: 'Database is connected successfully',
  level: 'info',
  label: 'university Auth Service',
  timestamp: '2023-06-14T10:13:12.694Z'
}
{
  message: 'Example app listening on port 5000',
  level: 'info',
  label: 'university Auth Service',
  timestamp: '2023-06-14T10:13:12.709Z'
}
{
  message: 'Database is connected successfully',
  level: 'info',
  label: 'university Auth Service',
  timestamp: '2023-06-14T10:14:30.650Z'
}
{
  message: 'Example app listening on port 5000',
  level: 'info',
  label: 'university Auth Service',
  timestamp: '2023-06-14T10:14:30.664Z'
}
{
  message: 'Database is connected successfully',
  level: 'info',
  label: 'university Auth Service',
  timestamp: '2023-06-14T10:26:21.241Z'
}
{
  message: 'Example app listening on port 5000',
  level: 'info',
  label: 'university Auth Service',
  timestamp: '2023-06-14T10:26:21.256Z'
}
{
  message: 'Database is connected successfully',
  level: 'info',
  label: 'university Auth Service',
  timestamp: '2023-06-14T10:29:27.852Z'
}
{
  message: 'Example app listening on port 5000',
  level: 'info',
  label: 'university Auth Service',
  timestamp: '2023-06-14T10:29:27.867Z'
}
{
  message: 'Database is connected successfully',
  level: 'info',
  label: 'university Auth Service',
  timestamp: '2023-06-14T10:56:45.080Z'
}
{
  message: 'Example app listening on port 5000',
  level: 'info',
  label: 'university Auth Service',
  timestamp: '2023-06-14T10:56:45.096Z'
}
{
  message: 'Database is connected successfully',
  level: 'info',
  label: 'university Auth Service',
  timestamp: '2023-06-14T10:57:45.533Z'
}
{
  message: 'Example app listening on port 5000',
  level: 'info',
  label: 'university Auth Service',
  timestamp: '2023-06-14T10:57:45.549Z'
}
