{
  message: 'Database is connected successfully',
  level: 'info',
  label: 'university Auth Service',
  timestamp: '2023-06-14T14:00:55.372Z'
}
{
  message: 'Example app listening on port 5000',
  level: 'info',
  label: 'university Auth Service',
  timestamp: '2023-06-14T14:00:55.390Z'
}
{
  message: 'Database is connected successfully',
  level: 'info',
  label: 'university Auth Service',
  timestamp: '2023-06-14T14:06:53.435Z'
}
{
  message: 'Example app listening on port 5000',
  level: 'info',
  label: 'university Auth Service',
  timestamp: '2023-06-14T14:06:53.457Z'
}
{
  message: 'Database is connected successfully',
  level: 'info',
  label: 'university Auth Service',
  timestamp: '2023-06-14T14:07:30.742Z'
}
{
  message: 'Example app listening on port 5000',
  level: 'info',
  label: 'university Auth Service',
  timestamp: '2023-06-14T14:07:30.759Z'
}
{
  message: 'Database is connected successfully',
  level: 'info',
  label: 'university Auth Service',
  timestamp: '2023-06-14T14:09:01.027Z'
}
{
  message: 'Example app listening on port 5000',
  level: 'info',
  label: 'university Auth Service',
  timestamp: '2023-06-14T14:09:01.048Z'
}
{
  message: 'Database is connected successfully',
  level: 'info',
  label: 'university Auth Service',
  timestamp: '2023-06-14T14:10:11.810Z'
}
{
  message: 'Example app listening on port 5000',
  level: 'info',
  label: 'university Auth Service',
  timestamp: '2023-06-14T14:10:11.832Z'
}
{
  message: 'Database is connected successfully',
  level: 'info',
  label: 'university Auth Service',
  timestamp: '2023-06-14T14:15:32.662Z'
}
{
  message: 'Example app listening on port 5000',
  level: 'info',
  label: 'university Auth Service',
  timestamp: '2023-06-14T14:15:32.694Z'
}
{
  message: 'Database is connected successfully',
  level: 'info',
  label: 'university Auth Service',
  timestamp: '2023-06-14T14:17:22.153Z'
}
{
  message: 'Example app listening on port 5000',
  level: 'info',
  label: 'university Auth Service',
  timestamp: '2023-06-14T14:17:22.182Z'
}
{
  message: 'Database is connected successfully',
  level: 'info',
  label: 'university Auth Service',
  timestamp: '2023-06-14T14:18:57.766Z'
}
{
  message: 'Example app listening on port 5000',
  level: 'info',
  label: 'university Auth Service',
  timestamp: '2023-06-14T14:18:57.786Z'
}
{
  message: 'Database is connected successfully',
  level: 'info',
  label: 'university Auth Service',
  timestamp: '2023-06-14T14:20:45.421Z'
}
{
  message: 'Example app listening on port 5000',
  level: 'info',
  label: 'university Auth Service',
  timestamp: '2023-06-14T14:20:45.439Z'
}
{
  message: 'Database is connected successfully',
  level: 'info',
  label: 'university Auth Service',
  timestamp: '2023-06-14T14:33:08.757Z'
}
{
  message: 'Example app listening on port 5000',
  level: 'info',
  label: 'university Auth Service',
  timestamp: '2023-06-14T14:33:08.774Z'
}
{
  message: 'Database is connected successfully',
  level: 'info',
  label: 'university Auth Service',
  timestamp: '2023-06-14T14:39:05.605Z'
}
{
  message: 'Example app listening on port 5000',
  level: 'info',
  label: 'university Auth Service',
  timestamp: '2023-06-14T14:39:05.689Z'
}
{
  message: 'Database is connected successfully',
  level: 'info',
  label: 'university Auth Service',
  timestamp: '2023-06-14T14:47:50.641Z'
}
{
  message: 'Example app listening on port 5000',
  level: 'info',
  label: 'university Auth Service',
  timestamp: '2023-06-14T14:47:50.657Z'
}
{
  message: 'Database is connected successfully',
  level: 'info',
  label: 'university Auth Service',
  timestamp: '2023-06-14T14:57:06.896Z'
}
{
  message: 'Example app listening on port 5000',
  level: 'info',
  label: 'university Auth Service',
  timestamp: '2023-06-14T14:57:06.914Z'
}
