{
  message: 'Database is connected successfully',
  level: 'info',
  label: 'university Auth Service',
  timestamp: '2023-06-06T17:02:26.317Z'
}
{
  message: 'Example app listening on port 5000',
  level: 'info',
  label: 'university Auth Service',
  timestamp: '2023-06-06T17:02:26.330Z'
}
{
  message: 'Database is connected successfully',
  level: 'info',
  label: 'university Auth Service',
  timestamp: '2023-06-06T17:10:29.552Z'
}
{
  message: 'Example app listening on port 5000',
  level: 'info',
  label: 'university Auth Service',
  timestamp: '2023-06-06T17:10:29.562Z'
}
{
  message: 'Database is connected successfully',
  level: 'info',
  label: 'university Auth Service',
  timestamp: '2023-06-06T17:24:19.363Z'
}
{
  message: 'Example app listening on port 5000',
  level: 'info',
  label: 'university Auth Service',
  timestamp: '2023-06-06T17:24:19.377Z'
}
{
  message: 'Database is connected successfully',
  level: 'info',
  label: 'university Auth Service',
  timestamp: '2023-06-06T17:25:25.182Z'
}
{
  message: 'Example app listening on port 5000',
  level: 'info',
  label: 'university Auth Service',
  timestamp: '2023-06-06T17:25:25.218Z'
}
{
  message: 'Database is connected successfully',
  level: 'info',
  label: 'university Auth Service',
  timestamp: '2023-06-06T17:29:05.665Z'
}
{
  message: 'Example app listening on port 5000',
  level: 'info',
  label: 'university Auth Service',
  timestamp: '2023-06-06T17:29:05.692Z'
}
