{
  message: 'Database is connected successfully',
  level: 'info',
  label: 'university Auth Service',
  timestamp: '2023-06-11T14:34:10.147Z'
}
{
  message: 'Example app listening on port 5000',
  level: 'info',
  label: 'university Auth Service',
  timestamp: '2023-06-11T14:34:10.159Z'
}
{
  message: 'Database is connected successfully',
  level: 'info',
  label: 'university Auth Service',
  timestamp: '2023-06-11T14:34:59.779Z'
}
{
  message: 'Example app listening on port 5000',
  level: 'info',
  label: 'university Auth Service',
  timestamp: '2023-06-11T14:34:59.790Z'
}
{
  message: 'Database is connected successfully',
  level: 'info',
  label: 'university Auth Service',
  timestamp: '2023-06-11T14:53:32.897Z'
}
{
  message: 'Example app listening on port 5000',
  level: 'info',
  label: 'university Auth Service',
  timestamp: '2023-06-11T14:53:32.910Z'
}
