{
  message: 'Database is connected successfully',
  level: 'info',
  label: 'university Auth Service',
  timestamp: '2023-06-14T13:37:29.498Z'
}
{
  message: 'Example app listening on port 5000',
  level: 'info',
  label: 'university Auth Service',
  timestamp: '2023-06-14T13:37:29.512Z'
}
{
  message: 'Database is connected successfully',
  level: 'info',
  label: 'university Auth Service',
  timestamp: '2023-06-14T13:42:12.513Z'
}
{
  message: 'Example app listening on port 5000',
  level: 'info',
  label: 'university Auth Service',
  timestamp: '2023-06-14T13:42:12.527Z'
}
{
  message: 'Database is connected successfully',
  level: 'info',
  label: 'university Auth Service',
  timestamp: '2023-06-14T13:42:38.627Z'
}
{
  message: 'Example app listening on port 5000',
  level: 'info',
  label: 'university Auth Service',
  timestamp: '2023-06-14T13:42:38.643Z'
}
{
  message: 'Database is connected successfully',
  level: 'info',
  label: 'university Auth Service',
  timestamp: '2023-06-14T13:43:15.098Z'
}
{
  message: 'Example app listening on port 5000',
  level: 'info',
  label: 'university Auth Service',
  timestamp: '2023-06-14T13:43:15.114Z'
}
{
  message: 'Database is connected successfully',
  level: 'info',
  label: 'university Auth Service',
  timestamp: '2023-06-14T13:46:51.966Z'
}
{
  message: 'Example app listening on port 5000',
  level: 'info',
  label: 'university Auth Service',
  timestamp: '2023-06-14T13:46:51.982Z'
}
{
  message: 'Database is connected successfully',
  level: 'info',
  label: 'university Auth Service',
  timestamp: '2023-06-14T13:47:34.300Z'
}
{
  message: 'Example app listening on port 5000',
  level: 'info',
  label: 'university Auth Service',
  timestamp: '2023-06-14T13:47:34.318Z'
}
{
  message: 'Database is connected successfully',
  level: 'info',
  label: 'university Auth Service',
  timestamp: '2023-06-14T13:49:34.552Z'
}
{
  message: 'Example app listening on port 5000',
  level: 'info',
  label: 'university Auth Service',
  timestamp: '2023-06-14T13:49:34.568Z'
}
{
  message: 'Database is connected successfully',
  level: 'info',
  label: 'university Auth Service',
  timestamp: '2023-06-14T13:52:15.183Z'
}
{
  message: 'Example app listening on port 5000',
  level: 'info',
  label: 'university Auth Service',
  timestamp: '2023-06-14T13:52:15.197Z'
}
{
  message: 'Database is connected successfully',
  level: 'info',
  label: 'university Auth Service',
  timestamp: '2023-06-14T13:52:53.439Z'
}
{
  message: 'Example app listening on port 5000',
  level: 'info',
  label: 'university Auth Service',
  timestamp: '2023-06-14T13:52:53.454Z'
}
{
  message: 'Database is connected successfully',
  level: 'info',
  label: 'university Auth Service',
  timestamp: '2023-06-14T13:53:42.269Z'
}
{
  message: 'Example app listening on port 5000',
  level: 'info',
  label: 'university Auth Service',
  timestamp: '2023-06-14T13:53:42.286Z'
}
{
  message: 'Database is connected successfully',
  level: 'info',
  label: 'university Auth Service',
  timestamp: '2023-06-14T13:55:03.283Z'
}
{
  message: 'Example app listening on port 5000',
  level: 'info',
  label: 'university Auth Service',
  timestamp: '2023-06-14T13:55:03.310Z'
}
{
  message: 'Database is connected successfully',
  level: 'info',
  label: 'university Auth Service',
  timestamp: '2023-06-14T13:56:28.345Z'
}
{
  message: 'Example app listening on port 5000',
  level: 'info',
  label: 'university Auth Service',
  timestamp: '2023-06-14T13:56:28.365Z'
}
{
  message: 'Database is connected successfully',
  level: 'info',
  label: 'university Auth Service',
  timestamp: '2023-06-14T13:58:38.187Z'
}
{
  message: 'Example app listening on port 5000',
  level: 'info',
  label: 'university Auth Service',
  timestamp: '2023-06-14T13:58:38.206Z'
}
{
  message: 'Database is connected successfully',
  level: 'info',
  label: 'university Auth Service',
  timestamp: '2023-06-14T13:59:54.433Z'
}
{
  message: 'Example app listening on port 5000',
  level: 'info',
  label: 'university Auth Service',
  timestamp: '2023-06-14T13:59:54.462Z'
}
