{
  stringValue: '"648987d5ee9debc"',
  messageFormat: undefined,
  kind: 'ObjectId',
  value: '648987d5ee9debc',
  path: '_id',
  reason: BSONError: Argument passed in must be a string of 12 bytes or a string of 24 hex characters or an integer
      at new ObjectId (C:\level2ph\university-management-auth-service\node_modules\bson\src\objectid.ts:88:15)
      at castObjectId (C:\level2ph\university-management-auth-service\node_modules\mongoose\lib\cast\objectid.js:25:12)
      at ObjectId.cast (C:\level2ph\university-management-auth-service\node_modules\mongoose\lib\schema\objectid.js:246:12)
      at ObjectId.SchemaType.applySetters (C:\level2ph\university-management-auth-service\node_modules\mongoose\lib\schematype.js:1204:12)
      at ObjectId.SchemaType.castForQuery (C:\level2ph\university-management-auth-service\node_modules\mongoose\lib\schematype.js:1616:15)
      at cast (C:\level2ph\university-management-auth-service\node_modules\mongoose\lib\cast.js:348:32)
      at model.Query.Query.cast (C:\level2ph\university-management-auth-service\node_modules\mongoose\lib\query.js:4874:12)
      at model.Query.Query._castConditions (C:\level2ph\university-management-auth-service\node_modules\mongoose\lib\query.js:2210:10)
      at model.Query._findOne (C:\level2ph\university-management-auth-service\node_modules\mongoose\lib\query.js:2497:8)
      at model.Query.exec (C:\level2ph\university-management-auth-service\node_modules\mongoose\lib\query.js:4404:28),
  valueType: 'string',
  model: Model { AcademicSemester },
  level: 'error',
  label: 'University Auth Service',
  timestamp: '2023-06-14T17:12:50.766Z'
}
{
  stringValue: '"648987d5ee9debc"',
  messageFormat: undefined,
  kind: 'ObjectId',
  value: '648987d5ee9debc',
  path: '_id',
  reason: BSONError: Argument passed in must be a string of 12 bytes or a string of 24 hex characters or an integer
      at new ObjectId (C:\level2ph\university-management-auth-service\node_modules\bson\src\objectid.ts:88:15)
      at castObjectId (C:\level2ph\university-management-auth-service\node_modules\mongoose\lib\cast\objectid.js:25:12)
      at ObjectId.cast (C:\level2ph\university-management-auth-service\node_modules\mongoose\lib\schema\objectid.js:246:12)
      at ObjectId.SchemaType.applySetters (C:\level2ph\university-management-auth-service\node_modules\mongoose\lib\schematype.js:1204:12)
      at ObjectId.SchemaType.castForQuery (C:\level2ph\university-management-auth-service\node_modules\mongoose\lib\schematype.js:1616:15)
      at cast (C:\level2ph\university-management-auth-service\node_modules\mongoose\lib\cast.js:348:32)
      at model.Query.Query.cast (C:\level2ph\university-management-auth-service\node_modules\mongoose\lib\query.js:4874:12)
      at model.Query.Query._castConditions (C:\level2ph\university-management-auth-service\node_modules\mongoose\lib\query.js:2210:10)
      at model.Query._findOne (C:\level2ph\university-management-auth-service\node_modules\mongoose\lib\query.js:2497:8)
      at model.Query.exec (C:\level2ph\university-management-auth-service\node_modules\mongoose\lib\query.js:4404:28),
  valueType: 'string',
  model: Model { AcademicSemester },
  level: 'error',
  label: 'University Auth Service',
  timestamp: '2023-06-14T17:14:15.978Z'
}
{
  stringValue: '"648987d5ee9debc"',
  messageFormat: undefined,
  kind: 'ObjectId',
  value: '648987d5ee9debc',
  path: '_id',
  reason: BSONError: Argument passed in must be a string of 12 bytes or a string of 24 hex characters or an integer
      at new ObjectId (C:\level2ph\university-management-auth-service\node_modules\bson\src\objectid.ts:88:15)
      at castObjectId (C:\level2ph\university-management-auth-service\node_modules\mongoose\lib\cast\objectid.js:25:12)
      at ObjectId.cast (C:\level2ph\university-management-auth-service\node_modules\mongoose\lib\schema\objectid.js:246:12)
      at ObjectId.SchemaType.applySetters (C:\level2ph\university-management-auth-service\node_modules\mongoose\lib\schematype.js:1204:12)
      at ObjectId.SchemaType.castForQuery (C:\level2ph\university-management-auth-service\node_modules\mongoose\lib\schematype.js:1616:15)
      at cast (C:\level2ph\university-management-auth-service\node_modules\mongoose\lib\cast.js:348:32)
      at model.Query.Query.cast (C:\level2ph\university-management-auth-service\node_modules\mongoose\lib\query.js:4874:12)
      at model.Query.Query._castConditions (C:\level2ph\university-management-auth-service\node_modules\mongoose\lib\query.js:2210:10)
      at model.Query._findOne (C:\level2ph\university-management-auth-service\node_modules\mongoose\lib\query.js:2497:8)
      at model.Query.exec (C:\level2ph\university-management-auth-service\node_modules\mongoose\lib\query.js:4404:28),
  valueType: 'string',
  model: Model { AcademicSemester },
  level: 'error',
  label: 'University Auth Service',
  timestamp: '2023-06-14T17:14:15.978Z'
}
{
  stringValue: '"648987d5ee9debcbbc57337"',
  messageFormat: undefined,
  kind: 'ObjectId',
  value: '648987d5ee9debcbbc57337',
  path: '_id',
  reason: BSONError: Argument passed in must be a string of 12 bytes or a string of 24 hex characters or an integer
      at new ObjectId (C:\level2ph\university-management-auth-service\node_modules\bson\src\objectid.ts:88:15)
      at castObjectId (C:\level2ph\university-management-auth-service\node_modules\mongoose\lib\cast\objectid.js:25:12)
      at ObjectId.cast (C:\level2ph\university-management-auth-service\node_modules\mongoose\lib\schema\objectid.js:246:12)
      at ObjectId.SchemaType.applySetters (C:\level2ph\university-management-auth-service\node_modules\mongoose\lib\schematype.js:1204:12)
      at ObjectId.SchemaType.castForQuery (C:\level2ph\university-management-auth-service\node_modules\mongoose\lib\schematype.js:1616:15)
      at cast (C:\level2ph\university-management-auth-service\node_modules\mongoose\lib\cast.js:348:32)
      at model.Query.Query.cast (C:\level2ph\university-management-auth-service\node_modules\mongoose\lib\query.js:4874:12)
      at model.Query.Query._castConditions (C:\level2ph\university-management-auth-service\node_modules\mongoose\lib\query.js:2210:10)
      at model.Query._findOne (C:\level2ph\university-management-auth-service\node_modules\mongoose\lib\query.js:2497:8)
      at model.Query.exec (C:\level2ph\university-management-auth-service\node_modules\mongoose\lib\query.js:4404:28),
  valueType: 'string',
  model: Model { AcademicSemester },
  level: 'error',
  label: 'University Auth Service',
  timestamp: '2023-06-14T17:16:23.461Z'
}
{
  stringValue: '"648987d5ee9debcbbc57337"',
  messageFormat: undefined,
  kind: 'ObjectId',
  value: '648987d5ee9debcbbc57337',
  path: '_id',
  reason: BSONError: Argument passed in must be a string of 12 bytes or a string of 24 hex characters or an integer
      at new ObjectId (C:\level2ph\university-management-auth-service\node_modules\bson\src\objectid.ts:88:15)
      at castObjectId (C:\level2ph\university-management-auth-service\node_modules\mongoose\lib\cast\objectid.js:25:12)
      at ObjectId.cast (C:\level2ph\university-management-auth-service\node_modules\mongoose\lib\schema\objectid.js:246:12)
      at ObjectId.SchemaType.applySetters (C:\level2ph\university-management-auth-service\node_modules\mongoose\lib\schematype.js:1204:12)
      at ObjectId.SchemaType.castForQuery (C:\level2ph\university-management-auth-service\node_modules\mongoose\lib\schematype.js:1616:15)
      at cast (C:\level2ph\university-management-auth-service\node_modules\mongoose\lib\cast.js:348:32)
      at model.Query.Query.cast (C:\level2ph\university-management-auth-service\node_modules\mongoose\lib\query.js:4874:12)
      at model.Query.Query._castConditions (C:\level2ph\university-management-auth-service\node_modules\mongoose\lib\query.js:2210:10)
      at model.Query._findOne (C:\level2ph\university-management-auth-service\node_modules\mongoose\lib\query.js:2497:8)
      at model.Query.exec (C:\level2ph\university-management-auth-service\node_modules\mongoose\lib\query.js:4404:28),
  valueType: 'string',
  model: Model { AcademicSemester },
  level: 'error',
  label: 'University Auth Service',
  timestamp: '2023-06-14T17:16:23.461Z'
}
{
  stringValue: '"648987d5ee9debcbbc57337"',
  messageFormat: undefined,
  kind: 'ObjectId',
  value: '648987d5ee9debcbbc57337',
  path: '_id',
  reason: BSONError: Argument passed in must be a string of 12 bytes or a string of 24 hex characters or an integer
      at new ObjectId (C:\level2ph\university-management-auth-service\node_modules\bson\src\objectid.ts:88:15)
      at castObjectId (C:\level2ph\university-management-auth-service\node_modules\mongoose\lib\cast\objectid.js:25:12)
      at ObjectId.cast (C:\level2ph\university-management-auth-service\node_modules\mongoose\lib\schema\objectid.js:246:12)
      at ObjectId.SchemaType.applySetters (C:\level2ph\university-management-auth-service\node_modules\mongoose\lib\schematype.js:1204:12)
      at ObjectId.SchemaType.castForQuery (C:\level2ph\university-management-auth-service\node_modules\mongoose\lib\schematype.js:1616:15)
      at cast (C:\level2ph\university-management-auth-service\node_modules\mongoose\lib\cast.js:348:32)
      at model.Query.Query.cast (C:\level2ph\university-management-auth-service\node_modules\mongoose\lib\query.js:4874:12)
      at model.Query.Query._castConditions (C:\level2ph\university-management-auth-service\node_modules\mongoose\lib\query.js:2210:10)
      at model.Query._findOne (C:\level2ph\university-management-auth-service\node_modules\mongoose\lib\query.js:2497:8)
      at model.Query.exec (C:\level2ph\university-management-auth-service\node_modules\mongoose\lib\query.js:4404:28),
  valueType: 'string',
  model: Model { AcademicSemester },
  level: 'error',
  label: 'University Auth Service',
  timestamp: '2023-06-14T17:19:29.396Z'
}
{
  stringValue: '"648987d5ee9debcbbc57337"',
  messageFormat: undefined,
  kind: 'ObjectId',
  value: '648987d5ee9debcbbc57337',
  path: '_id',
  reason: BSONError: Argument passed in must be a string of 12 bytes or a string of 24 hex characters or an integer
      at new ObjectId (C:\level2ph\university-management-auth-service\node_modules\bson\src\objectid.ts:88:15)
      at castObjectId (C:\level2ph\university-management-auth-service\node_modules\mongoose\lib\cast\objectid.js:25:12)
      at ObjectId.cast (C:\level2ph\university-management-auth-service\node_modules\mongoose\lib\schema\objectid.js:246:12)
      at ObjectId.SchemaType.applySetters (C:\level2ph\university-management-auth-service\node_modules\mongoose\lib\schematype.js:1204:12)
      at ObjectId.SchemaType.castForQuery (C:\level2ph\university-management-auth-service\node_modules\mongoose\lib\schematype.js:1616:15)
      at cast (C:\level2ph\university-management-auth-service\node_modules\mongoose\lib\cast.js:348:32)
      at model.Query.Query.cast (C:\level2ph\university-management-auth-service\node_modules\mongoose\lib\query.js:4874:12)
      at model.Query.Query._castConditions (C:\level2ph\university-management-auth-service\node_modules\mongoose\lib\query.js:2210:10)
      at model.Query._findOne (C:\level2ph\university-management-auth-service\node_modules\mongoose\lib\query.js:2497:8)
      at model.Query.exec (C:\level2ph\university-management-auth-service\node_modules\mongoose\lib\query.js:4404:28),
  valueType: 'string',
  model: Model { AcademicSemester },
  level: 'error',
  label: 'University Auth Service',
  timestamp: '2023-06-14T17:19:29.396Z'
}
{
  stringValue: '"648987d5ee9debcbbc57337"',
  messageFormat: undefined,
  kind: 'ObjectId',
  value: '648987d5ee9debcbbc57337',
  path: '_id',
  reason: BSONError: Argument passed in must be a string of 12 bytes or a string of 24 hex characters or an integer
      at new ObjectId (C:\level2ph\university-management-auth-service\node_modules\bson\src\objectid.ts:88:15)
      at castObjectId (C:\level2ph\university-management-auth-service\node_modules\mongoose\lib\cast\objectid.js:25:12)
      at ObjectId.cast (C:\level2ph\university-management-auth-service\node_modules\mongoose\lib\schema\objectid.js:246:12)
      at ObjectId.SchemaType.applySetters (C:\level2ph\university-management-auth-service\node_modules\mongoose\lib\schematype.js:1204:12)
      at ObjectId.SchemaType.castForQuery (C:\level2ph\university-management-auth-service\node_modules\mongoose\lib\schematype.js:1616:15)
      at cast (C:\level2ph\university-management-auth-service\node_modules\mongoose\lib\cast.js:348:32)
      at model.Query.Query.cast (C:\level2ph\university-management-auth-service\node_modules\mongoose\lib\query.js:4874:12)
      at model.Query.Query._castConditions (C:\level2ph\university-management-auth-service\node_modules\mongoose\lib\query.js:2210:10)
      at model.Query._findOne (C:\level2ph\university-management-auth-service\node_modules\mongoose\lib\query.js:2497:8)
      at model.Query.exec (C:\level2ph\university-management-auth-service\node_modules\mongoose\lib\query.js:4404:28),
  valueType: 'string',
  model: Model { AcademicSemester },
  level: 'error',
  label: 'University Auth Service',
  timestamp: '2023-06-14T17:23:57.145Z'
}
{
  stringValue: '"648987d5ee9debcbbc57337"',
  messageFormat: undefined,
  kind: 'ObjectId',
  value: '648987d5ee9debcbbc57337',
  path: '_id',
  reason: BSONError: Argument passed in must be a string of 12 bytes or a string of 24 hex characters or an integer
      at new ObjectId (C:\level2ph\university-management-auth-service\node_modules\bson\src\objectid.ts:88:15)
      at castObjectId (C:\level2ph\university-management-auth-service\node_modules\mongoose\lib\cast\objectid.js:25:12)
      at ObjectId.cast (C:\level2ph\university-management-auth-service\node_modules\mongoose\lib\schema\objectid.js:246:12)
      at ObjectId.SchemaType.applySetters (C:\level2ph\university-management-auth-service\node_modules\mongoose\lib\schematype.js:1204:12)
      at ObjectId.SchemaType.castForQuery (C:\level2ph\university-management-auth-service\node_modules\mongoose\lib\schematype.js:1616:15)
      at cast (C:\level2ph\university-management-auth-service\node_modules\mongoose\lib\cast.js:348:32)
      at model.Query.Query.cast (C:\level2ph\university-management-auth-service\node_modules\mongoose\lib\query.js:4874:12)
      at model.Query.Query._castConditions (C:\level2ph\university-management-auth-service\node_modules\mongoose\lib\query.js:2210:10)
      at model.Query._findOne (C:\level2ph\university-management-auth-service\node_modules\mongoose\lib\query.js:2497:8)
      at model.Query.exec (C:\level2ph\university-management-auth-service\node_modules\mongoose\lib\query.js:4404:28),
  valueType: 'string',
  model: Model { AcademicSemester },
  level: 'error',
  label: 'University Auth Service',
  timestamp: '2023-06-14T17:23:57.145Z'
}
{
  stringValue: '"648987d5ee9debcbbc57337R"',
  messageFormat: undefined,
  kind: 'ObjectId',
  value: '648987d5ee9debcbbc57337R',
  path: '_id',
  reason: BSONError: Argument passed in must be a string of 12 bytes or a string of 24 hex characters or an integer
      at new ObjectId (C:\level2ph\university-management-auth-service\node_modules\bson\src\objectid.ts:88:15)
      at castObjectId (C:\level2ph\university-management-auth-service\node_modules\mongoose\lib\cast\objectid.js:25:12)
      at ObjectId.cast (C:\level2ph\university-management-auth-service\node_modules\mongoose\lib\schema\objectid.js:246:12)
      at ObjectId.SchemaType.applySetters (C:\level2ph\university-management-auth-service\node_modules\mongoose\lib\schematype.js:1204:12)
      at ObjectId.SchemaType.castForQuery (C:\level2ph\university-management-auth-service\node_modules\mongoose\lib\schematype.js:1616:15)
      at cast (C:\level2ph\university-management-auth-service\node_modules\mongoose\lib\cast.js:348:32)
      at model.Query.Query.cast (C:\level2ph\university-management-auth-service\node_modules\mongoose\lib\query.js:4874:12)
      at model.Query.Query._castConditions (C:\level2ph\university-management-auth-service\node_modules\mongoose\lib\query.js:2210:10)
      at model.Query._findOne (C:\level2ph\university-management-auth-service\node_modules\mongoose\lib\query.js:2497:8)
      at model.Query.exec (C:\level2ph\university-management-auth-service\node_modules\mongoose\lib\query.js:4404:28),
  valueType: 'string',
  model: Model { AcademicSemester },
  level: 'error',
  label: 'University Auth Service',
  timestamp: '2023-06-14T17:25:38.103Z'
}
{
  stringValue: '"648987d5ee9debcbbc57337R"',
  messageFormat: undefined,
  kind: 'ObjectId',
  value: '648987d5ee9debcbbc57337R',
  path: '_id',
  reason: BSONError: Argument passed in must be a string of 12 bytes or a string of 24 hex characters or an integer
      at new ObjectId (C:\level2ph\university-management-auth-service\node_modules\bson\src\objectid.ts:88:15)
      at castObjectId (C:\level2ph\university-management-auth-service\node_modules\mongoose\lib\cast\objectid.js:25:12)
      at ObjectId.cast (C:\level2ph\university-management-auth-service\node_modules\mongoose\lib\schema\objectid.js:246:12)
      at ObjectId.SchemaType.applySetters (C:\level2ph\university-management-auth-service\node_modules\mongoose\lib\schematype.js:1204:12)
      at ObjectId.SchemaType.castForQuery (C:\level2ph\university-management-auth-service\node_modules\mongoose\lib\schematype.js:1616:15)
      at cast (C:\level2ph\university-management-auth-service\node_modules\mongoose\lib\cast.js:348:32)
      at model.Query.Query.cast (C:\level2ph\university-management-auth-service\node_modules\mongoose\lib\query.js:4874:12)
      at model.Query.Query._castConditions (C:\level2ph\university-management-auth-service\node_modules\mongoose\lib\query.js:2210:10)
      at model.Query._findOne (C:\level2ph\university-management-auth-service\node_modules\mongoose\lib\query.js:2497:8)
      at model.Query.exec (C:\level2ph\university-management-auth-service\node_modules\mongoose\lib\query.js:4404:28),
  valueType: 'string',
  model: Model { AcademicSemester },
  level: 'error',
  label: 'University Auth Service',
  timestamp: '2023-06-14T17:31:25.495Z'
}
