{
  level: 'error',
  label: 'University Auth Service',
  timestamp: '2023-06-14T09:19:21.851Z'
}
{
  level: 'error',
  label: 'University Auth Service',
  timestamp: '2023-06-14T09:19:21.851Z'
}
{
  level: 'error',
  label: 'University Auth Service',
  timestamp: '2023-06-14T09:23:06.686Z'
}
{
  level: 'error',
  label: 'University Auth Service',
  timestamp: '2023-06-14T09:27:15.655Z'
}
{
  level: 'error',
  label: 'University Auth Service',
  timestamp: '2023-06-14T09:29:09.687Z'
}
{
  level: 'error',
  label: 'University Auth Service',
  timestamp: '2023-06-14T09:30:09.524Z'
}
{
  level: 'error',
  label: 'University Auth Service',
  timestamp: '2023-06-14T09:30:09.524Z'
}
{
  level: 'error',
  label: 'University Auth Service',
  timestamp: '2023-06-14T09:31:06.684Z'
}
{
  level: 'error',
  label: 'University Auth Service',
  timestamp: '2023-06-14T09:31:06.684Z'
}
{
  level: 'error',
  label: 'University Auth Service',
  timestamp: '2023-06-14T09:36:46.880Z'
}
{
  level: 'error',
  label: 'University Auth Service',
  timestamp: '2023-06-14T09:39:29.982Z'
}
{
  level: 'error',
  label: 'University Auth Service',
  timestamp: '2023-06-14T09:45:48.677Z'
}
{
  level: 'error',
  label: 'University Auth Service',
  timestamp: '2023-06-14T09:50:45.149Z'
}
{
  level: 'error',
  label: 'University Auth Service',
  timestamp: '2023-06-14T09:50:45.149Z'
}
