{
  issues: [
    {
      code: 'invalid_type',
      expected: 'object',
      received: 'array',
      path: [ 'body' ],
      message: 'Expected object, received array'
    }
  ],
  addIssue: [Function (anonymous)],
  addIssues: [Function (anonymous)],
  name: 'ZodError',
  level: 'error',
  label: 'University Auth Service',
  timestamp: '2023-06-10T09:50:21.909Z'
}
{
  issues: [
    {
      code: 'invalid_type',
      expected: 'object',
      received: 'array',
      path: [ 'body' ],
      message: 'Expected object, received array'
    }
  ],
  addIssue: [Function (anonymous)],
  addIssues: [Function (anonymous)],
  name: 'ZodError',
  level: 'error',
  label: 'University Auth Service',
  timestamp: '2023-06-10T09:50:21.909Z'
}
