{
  issues: [
    {
      code: 'custom',
      message: 'Both code and title should be provided or none of them',
      path: []
    }
  ],
  addIssue: [Function (anonymous)],
  addIssues: [Function (anonymous)],
  name: 'ZodError',
  level: 'error',
  label: 'University Auth Service',
  timestamp: '2023-06-14T18:35:16.351Z'
}
{
  issues: [
    {
      code: 'custom',
      message: 'Both code and title should be provided or none of them',
      path: []
    }
  ],
  addIssue: [Function (anonymous)],
  addIssues: [Function (anonymous)],
  name: 'ZodError',
  level: 'error',
  label: 'University Auth Service',
  timestamp: '2023-06-14T18:35:16.351Z'
}
{
  issues: [
    {
      code: 'custom',
      message: 'Both code and title should be provided or none of them',
      path: []
    }
  ],
  addIssue: [Function (anonymous)],
  addIssues: [Function (anonymous)],
  name: 'ZodError',
  level: 'error',
  label: 'University Auth Service',
  timestamp: '2023-06-14T18:37:01.469Z'
}
{
  issues: [
    {
      code: 'custom',
      message: 'Both code and title should be provided or none of them',
      path: []
    }
  ],
  addIssue: [Function (anonymous)],
  addIssues: [Function (anonymous)],
  name: 'ZodError',
  level: 'error',
  label: 'University Auth Service',
  timestamp: '2023-06-14T18:37:01.469Z'
}
{
  issues: [
    {
      code: 'invalid_type',
      expected: 'number',
      received: 'undefined',
      path: [ 'body', 'year' ],
      message: 'year is required'
    }
  ],
  addIssue: [Function (anonymous)],
  addIssues: [Function (anonymous)],
  name: 'ZodError',
  level: 'error',
  label: 'University Auth Service',
  timestamp: '2023-06-14T18:37:41.434Z'
}
{
  issues: [
    {
      code: 'invalid_type',
      expected: 'number',
      received: 'undefined',
      path: [ 'body', 'year' ],
      message: 'year is required'
    }
  ],
  addIssue: [Function (anonymous)],
  addIssues: [Function (anonymous)],
  name: 'ZodError',
  level: 'error',
  label: 'University Auth Service',
  timestamp: '2023-06-14T18:37:41.434Z'
}
