{
  level: 'error',
  label: 'University Auth Service',
  timestamp: '2023-06-14T10:26:24.803Z'
}
{
  level: 'error',
  label: 'University Auth Service',
  timestamp: '2023-06-14T10:26:24.803Z'
}
{
  ok: 0,
  code: 2,
  codeName: 'BadValue',
  '$clusterTime': {
    clusterTime: new Timestamp({ t: 1686738609, i: 18 }),
    signature: {
      hash: Binary.createFromBase64("gTP/0xGDAyIrA1rG9oeAqx9xoQc=", 0),
      keyId: new Long("7188116408285265922")
    }
  },
  operationTime: new Timestamp({ t: 1686738609, i: 18 }),
  level: 'error',
  label: 'University Auth Service',
  timestamp: '2023-06-14T10:30:07.194Z',
  [Symbol(errorLabels)]: Set(0) {}
}
{
  ok: 0,
  code: 2,
  codeName: 'BadValue',
  '$clusterTime': {
    clusterTime: new Timestamp({ t: 1686740275, i: 8 }),
    signature: {
      hash: Binary.createFromBase64("1uwu+YDVgqdTMuDusqahgmUhXNo=", 0),
      keyId: new Long("7188116408285265922")
    }
  },
  operationTime: new Timestamp({ t: 1686740275, i: 8 }),
  level: 'error',
  label: 'University Auth Service',
  timestamp: '2023-06-14T10:57:52.684Z',
  [Symbol(errorLabels)]: Set(0) {}
}
