{
  level: 'error',
  label: 'University Auth Service',
  timestamp: '2023-06-14T14:01:41.475Z'
}
{
  level: 'error',
  label: 'University Auth Service',
  timestamp: '2023-06-14T14:01:41.475Z'
}
{
  level: 'error',
  label: 'University Auth Service',
  timestamp: '2023-06-14T14:06:58.421Z'
}
{
  level: 'error',
  label: 'University Auth Service',
  timestamp: '2023-06-14T14:06:58.421Z'
}
{
  level: 'error',
  label: 'University Auth Service',
  timestamp: '2023-06-14T14:09:16.926Z'
}
{
  level: 'error',
  label: 'University Auth Service',
  timestamp: '2023-06-14T14:10:14.459Z'
}
{
  level: 'error',
  label: 'University Auth Service',
  timestamp: '2023-06-14T14:10:14.459Z'
}
{
  level: 'error',
  label: 'University Auth Service',
  timestamp: '2023-06-14T14:15:38.133Z'
}
{
  level: 'error',
  label: 'University Auth Service',
  timestamp: '2023-06-14T14:15:38.133Z'
}
{
  level: 'error',
  label: 'University Auth Service',
  timestamp: '2023-06-14T14:19:07.873Z'
}
{
  level: 'error',
  label: 'University Auth Service',
  timestamp: '2023-06-14T14:19:07.873Z'
}
