{
  issues: [
    {
      received: 'Summer',
      code: 'invalid_enum_value',
      options: [ 'Spring', 'Autumn', 'Fall' ],
      path: [ 'body', 'title' ],
      message: "Invalid enum value. Expected 'Spring' | 'Autumn' | 'Fall', received 'Summer'"
    }
  ],
  addIssue: [Function (anonymous)],
  addIssues: [Function (anonymous)],
  name: 'ZodError',
  level: 'error',
  label: 'University Auth Service',
  timestamp: '2023-06-10T12:27:02.849Z'
}
{
  issues: [
    {
      received: 'Summer',
      code: 'invalid_enum_value',
      options: [ 'Spring', 'Autumn', 'Fall' ],
      path: [ 'body', 'title' ],
      message: "Invalid enum value. Expected 'Spring' | 'Autumn' | 'Fall', received 'Summer'"
    }
  ],
  addIssue: [Function (anonymous)],
  addIssues: [Function (anonymous)],
  name: 'ZodError',
  level: 'error',
  label: 'University Auth Service',
  timestamp: '2023-06-10T12:27:02.849Z'
}
