{
  level: 'error',
  label: 'University Auth Service',
  timestamp: '2023-06-30T13:09:19.745Z'
}
{
  level: 'error',
  label: 'University Auth Service',
  timestamp: '2023-06-30T13:09:19.745Z'
}
{
  level: 'error',
  label: 'University Auth Service',
  timestamp: '2023-06-30T13:18:36.197Z'
}
{
  level: 'error',
  label: 'University Auth Service',
  timestamp: '2023-06-30T13:18:36.197Z'
}
{
  level: 'error',
  label: 'University Auth Service',
  timestamp: '2023-06-30T13:22:18.790Z'
}
{
  level: 'error',
  label: 'University Auth Service',
  timestamp: '2023-06-30T13:22:18.790Z'
}
{
  level: 'error',
  label: 'University Auth Service',
  timestamp: '2023-06-30T13:29:46.175Z'
}
{
  level: 'error',
  label: 'University Auth Service',
  timestamp: '2023-06-30T13:29:46.175Z'
}
