{
  level: 'error',
  label: 'University Auth Service',
  timestamp: '2023-06-14T13:43:28.413Z'
}
{
  level: 'error',
  label: 'University Auth Service',
  timestamp: '2023-06-14T13:43:28.413Z'
}
{
  level: 'error',
  label: 'University Auth Service',
  timestamp: '2023-06-14T13:50:52.312Z'
}
{
  level: 'error',
  label: 'University Auth Service',
  timestamp: '2023-06-14T13:50:52.312Z'
}
{
  level: 'error',
  label: 'University Auth Service',
  timestamp: '2023-06-14T13:55:07.146Z'
}
{
  level: 'error',
  label: 'University Auth Service',
  timestamp: '2023-06-14T13:55:07.146Z'
}
{
  level: 'error',
  label: 'University Auth Service',
  timestamp: '2023-06-14T13:56:34.642Z'
}
{
  level: 'error',
  label: 'University Auth Service',
  timestamp: '2023-06-14T13:56:34.642Z'
}
{
  level: 'error',
  label: 'University Auth Service',
  timestamp: '2023-06-14T13:59:09.555Z'
}
{
  level: 'error',
  label: 'University Auth Service',
  timestamp: '2023-06-14T13:59:09.555Z'
}
{
  level: 'error',
  label: 'University Auth Service',
  timestamp: '2023-06-14T13:59:58.262Z'
}
