{
  stringValue: '"648987d5ee9debc"',
  messageFormat: undefined,
  kind: 'ObjectId',
  value: '648987d5ee9debc',
  path: '_id',
  reason: BSONError: Argument passed in must be a string of 12 bytes or a string of 24 hex characters or an integer
      at new ObjectId (C:\level2ph\university-management-auth-service\node_modules\bson\src\objectid.ts:88:15)
      at castObjectId (C:\level2ph\university-management-auth-service\node_modules\mongoose\lib\cast\objectid.js:25:12)
      at ObjectId.cast (C:\level2ph\university-management-auth-service\node_modules\mongoose\lib\schema\objectid.js:246:12)
      at ObjectId.SchemaType.applySetters (C:\level2ph\university-management-auth-service\node_modules\mongoose\lib\schematype.js:1204:12)
      at ObjectId.SchemaType.castForQuery (C:\level2ph\university-management-auth-service\node_modules\mongoose\lib\schematype.js:1616:15)
      at cast (C:\level2ph\university-management-auth-service\node_modules\mongoose\lib\cast.js:348:32)
      at model.Query.Query.cast (C:\level2ph\university-management-auth-service\node_modules\mongoose\lib\query.js:4874:12)
      at model.Query.Query._castConditions (C:\level2ph\university-management-auth-service\node_modules\mongoose\lib\query.js:2210:10)
      at model.Query._findOne (C:\level2ph\university-management-auth-service\node_modules\mongoose\lib\query.js:2497:8)
      at model.Query.exec (C:\level2ph\university-management-auth-service\node_modules\mongoose\lib\query.js:4404:28),
  valueType: 'string',
  model: Model { AcademicSemester },
  level: 'error',
  label: 'University Auth Service',
  timestamp: '2023-06-14T16:05:01.303Z'
}
{
  stringValue: '"648987d5ee9debc"',
  messageFormat: undefined,
  kind: 'ObjectId',
  value: '648987d5ee9debc',
  path: '_id',
  reason: BSONError: Argument passed in must be a string of 12 bytes or a string of 24 hex characters or an integer
      at new ObjectId (C:\level2ph\university-management-auth-service\node_modules\bson\src\objectid.ts:88:15)
      at castObjectId (C:\level2ph\university-management-auth-service\node_modules\mongoose\lib\cast\objectid.js:25:12)
      at ObjectId.cast (C:\level2ph\university-management-auth-service\node_modules\mongoose\lib\schema\objectid.js:246:12)
      at ObjectId.SchemaType.applySetters (C:\level2ph\university-management-auth-service\node_modules\mongoose\lib\schematype.js:1204:12)
      at ObjectId.SchemaType.castForQuery (C:\level2ph\university-management-auth-service\node_modules\mongoose\lib\schematype.js:1616:15)
      at cast (C:\level2ph\university-management-auth-service\node_modules\mongoose\lib\cast.js:348:32)
      at model.Query.Query.cast (C:\level2ph\university-management-auth-service\node_modules\mongoose\lib\query.js:4874:12)
      at model.Query.Query._castConditions (C:\level2ph\university-management-auth-service\node_modules\mongoose\lib\query.js:2210:10)
      at model.Query._findOne (C:\level2ph\university-management-auth-service\node_modules\mongoose\lib\query.js:2497:8)
      at model.Query.exec (C:\level2ph\university-management-auth-service\node_modules\mongoose\lib\query.js:4404:28),
  valueType: 'string',
  model: Model { AcademicSemester },
  level: 'error',
  label: 'University Auth Service',
  timestamp: '2023-06-14T16:06:31.226Z'
}
{
  stringValue: '"648987d5ee9debc"',
  messageFormat: undefined,
  kind: 'ObjectId',
  value: '648987d5ee9debc',
  path: '_id',
  reason: BSONError: Argument passed in must be a string of 12 bytes or a string of 24 hex characters or an integer
      at new ObjectId (C:\level2ph\university-management-auth-service\node_modules\bson\src\objectid.ts:88:15)
      at castObjectId (C:\level2ph\university-management-auth-service\node_modules\mongoose\lib\cast\objectid.js:25:12)
      at ObjectId.cast (C:\level2ph\university-management-auth-service\node_modules\mongoose\lib\schema\objectid.js:246:12)
      at ObjectId.SchemaType.applySetters (C:\level2ph\university-management-auth-service\node_modules\mongoose\lib\schematype.js:1204:12)
      at ObjectId.SchemaType.castForQuery (C:\level2ph\university-management-auth-service\node_modules\mongoose\lib\schematype.js:1616:15)
      at cast (C:\level2ph\university-management-auth-service\node_modules\mongoose\lib\cast.js:348:32)
      at model.Query.Query.cast (C:\level2ph\university-management-auth-service\node_modules\mongoose\lib\query.js:4874:12)
      at model.Query.Query._castConditions (C:\level2ph\university-management-auth-service\node_modules\mongoose\lib\query.js:2210:10)
      at model.Query._findOne (C:\level2ph\university-management-auth-service\node_modules\mongoose\lib\query.js:2497:8)
      at model.Query.exec (C:\level2ph\university-management-auth-service\node_modules\mongoose\lib\query.js:4404:28),
  valueType: 'string',
  model: Model { AcademicSemester },
  level: 'error',
  label: 'University Auth Service',
  timestamp: '2023-06-14T16:07:12.492Z'
}
{
  stringValue: '"648987d5ee9debc"',
  messageFormat: undefined,
  kind: 'ObjectId',
  value: '648987d5ee9debc',
  path: '_id',
  reason: BSONError: Argument passed in must be a string of 12 bytes or a string of 24 hex characters or an integer
      at new ObjectId (C:\level2ph\university-management-auth-service\node_modules\bson\src\objectid.ts:88:15)
      at castObjectId (C:\level2ph\university-management-auth-service\node_modules\mongoose\lib\cast\objectid.js:25:12)
      at ObjectId.cast (C:\level2ph\university-management-auth-service\node_modules\mongoose\lib\schema\objectid.js:246:12)
      at ObjectId.SchemaType.applySetters (C:\level2ph\university-management-auth-service\node_modules\mongoose\lib\schematype.js:1204:12)
      at ObjectId.SchemaType.castForQuery (C:\level2ph\university-management-auth-service\node_modules\mongoose\lib\schematype.js:1616:15)
      at cast (C:\level2ph\university-management-auth-service\node_modules\mongoose\lib\cast.js:348:32)
      at model.Query.Query.cast (C:\level2ph\university-management-auth-service\node_modules\mongoose\lib\query.js:4874:12)
      at model.Query.Query._castConditions (C:\level2ph\university-management-auth-service\node_modules\mongoose\lib\query.js:2210:10)
      at model.Query._findOne (C:\level2ph\university-management-auth-service\node_modules\mongoose\lib\query.js:2497:8)
      at model.Query.exec (C:\level2ph\university-management-auth-service\node_modules\mongoose\lib\query.js:4404:28),
  valueType: 'string',
  model: Model { AcademicSemester },
  level: 'error',
  label: 'University Auth Service',
  timestamp: '2023-06-14T16:10:20.971Z'
}
{
  stringValue: '"648987d5ee9debc"',
  messageFormat: undefined,
  kind: 'ObjectId',
  value: '648987d5ee9debc',
  path: '_id',
  reason: BSONError: Argument passed in must be a string of 12 bytes or a string of 24 hex characters or an integer
      at new ObjectId (C:\level2ph\university-management-auth-service\node_modules\bson\src\objectid.ts:88:15)
      at castObjectId (C:\level2ph\university-management-auth-service\node_modules\mongoose\lib\cast\objectid.js:25:12)
      at ObjectId.cast (C:\level2ph\university-management-auth-service\node_modules\mongoose\lib\schema\objectid.js:246:12)
      at ObjectId.SchemaType.applySetters (C:\level2ph\university-management-auth-service\node_modules\mongoose\lib\schematype.js:1204:12)
      at ObjectId.SchemaType.castForQuery (C:\level2ph\university-management-auth-service\node_modules\mongoose\lib\schematype.js:1616:15)
      at cast (C:\level2ph\university-management-auth-service\node_modules\mongoose\lib\cast.js:348:32)
      at model.Query.Query.cast (C:\level2ph\university-management-auth-service\node_modules\mongoose\lib\query.js:4874:12)
      at model.Query.Query._castConditions (C:\level2ph\university-management-auth-service\node_modules\mongoose\lib\query.js:2210:10)
      at model.Query._findOne (C:\level2ph\university-management-auth-service\node_modules\mongoose\lib\query.js:2497:8)
      at model.Query.exec (C:\level2ph\university-management-auth-service\node_modules\mongoose\lib\query.js:4404:28),
  valueType: 'string',
  model: Model { AcademicSemester },
  level: 'error',
  label: 'University Auth Service',
  timestamp: '2023-06-14T16:10:20.971Z'
}
{
  stringValue: '"648987d5ee9debc"',
  messageFormat: undefined,
  kind: 'ObjectId',
  value: '648987d5ee9debc',
  path: '_id',
  reason: BSONError: Argument passed in must be a string of 12 bytes or a string of 24 hex characters or an integer
      at new ObjectId (C:\level2ph\university-management-auth-service\node_modules\bson\src\objectid.ts:88:15)
      at castObjectId (C:\level2ph\university-management-auth-service\node_modules\mongoose\lib\cast\objectid.js:25:12)
      at ObjectId.cast (C:\level2ph\university-management-auth-service\node_modules\mongoose\lib\schema\objectid.js:246:12)
      at ObjectId.SchemaType.applySetters (C:\level2ph\university-management-auth-service\node_modules\mongoose\lib\schematype.js:1204:12)
      at ObjectId.SchemaType.castForQuery (C:\level2ph\university-management-auth-service\node_modules\mongoose\lib\schematype.js:1616:15)
      at cast (C:\level2ph\university-management-auth-service\node_modules\mongoose\lib\cast.js:348:32)
      at model.Query.Query.cast (C:\level2ph\university-management-auth-service\node_modules\mongoose\lib\query.js:4874:12)
      at model.Query.Query._castConditions (C:\level2ph\university-management-auth-service\node_modules\mongoose\lib\query.js:2210:10)
      at model.Query._findOne (C:\level2ph\university-management-auth-service\node_modules\mongoose\lib\query.js:2497:8)
      at model.Query.exec (C:\level2ph\university-management-auth-service\node_modules\mongoose\lib\query.js:4404:28),
  valueType: 'string',
  model: Model { AcademicSemester },
  level: 'error',
  label: 'University Auth Service',
  timestamp: '2023-06-14T16:11:33.162Z'
}
{
  stringValue: '"648987d5ee9debc"',
  messageFormat: undefined,
  kind: 'ObjectId',
  value: '648987d5ee9debc',
  path: '_id',
  reason: BSONError: Argument passed in must be a string of 12 bytes or a string of 24 hex characters or an integer
      at new ObjectId (C:\level2ph\university-management-auth-service\node_modules\bson\src\objectid.ts:88:15)
      at castObjectId (C:\level2ph\university-management-auth-service\node_modules\mongoose\lib\cast\objectid.js:25:12)
      at ObjectId.cast (C:\level2ph\university-management-auth-service\node_modules\mongoose\lib\schema\objectid.js:246:12)
      at ObjectId.SchemaType.applySetters (C:\level2ph\university-management-auth-service\node_modules\mongoose\lib\schematype.js:1204:12)
      at ObjectId.SchemaType.castForQuery (C:\level2ph\university-management-auth-service\node_modules\mongoose\lib\schematype.js:1616:15)
      at cast (C:\level2ph\university-management-auth-service\node_modules\mongoose\lib\cast.js:348:32)
      at model.Query.Query.cast (C:\level2ph\university-management-auth-service\node_modules\mongoose\lib\query.js:4874:12)
      at model.Query.Query._castConditions (C:\level2ph\university-management-auth-service\node_modules\mongoose\lib\query.js:2210:10)
      at model.Query._findOne (C:\level2ph\university-management-auth-service\node_modules\mongoose\lib\query.js:2497:8)
      at model.Query.exec (C:\level2ph\university-management-auth-service\node_modules\mongoose\lib\query.js:4404:28),
  valueType: 'string',
  model: Model { AcademicSemester },
  level: 'error',
  label: 'University Auth Service',
  timestamp: '2023-06-14T16:11:33.162Z'
}
{
  stringValue: '"648987d5ee9debc"',
  messageFormat: undefined,
  kind: 'ObjectId',
  value: '648987d5ee9debc',
  path: '_id',
  reason: BSONError: Argument passed in must be a string of 12 bytes or a string of 24 hex characters or an integer
      at new ObjectId (C:\level2ph\university-management-auth-service\node_modules\bson\src\objectid.ts:88:15)
      at castObjectId (C:\level2ph\university-management-auth-service\node_modules\mongoose\lib\cast\objectid.js:25:12)
      at ObjectId.cast (C:\level2ph\university-management-auth-service\node_modules\mongoose\lib\schema\objectid.js:246:12)
      at ObjectId.SchemaType.applySetters (C:\level2ph\university-management-auth-service\node_modules\mongoose\lib\schematype.js:1204:12)
      at ObjectId.SchemaType.castForQuery (C:\level2ph\university-management-auth-service\node_modules\mongoose\lib\schematype.js:1616:15)
      at cast (C:\level2ph\university-management-auth-service\node_modules\mongoose\lib\cast.js:348:32)
      at model.Query.Query.cast (C:\level2ph\university-management-auth-service\node_modules\mongoose\lib\query.js:4874:12)
      at model.Query.Query._castConditions (C:\level2ph\university-management-auth-service\node_modules\mongoose\lib\query.js:2210:10)
      at model.Query._findOne (C:\level2ph\university-management-auth-service\node_modules\mongoose\lib\query.js:2497:8)
      at model.Query.exec (C:\level2ph\university-management-auth-service\node_modules\mongoose\lib\query.js:4404:28),
  valueType: 'string',
  model: Model { AcademicSemester },
  level: 'error',
  label: 'University Auth Service',
  timestamp: '2023-06-14T16:13:13.620Z'
}
{
  stringValue: '"648987d5ee9debc"',
  messageFormat: undefined,
  kind: 'ObjectId',
  value: '648987d5ee9debc',
  path: '_id',
  reason: BSONError: Argument passed in must be a string of 12 bytes or a string of 24 hex characters or an integer
      at new ObjectId (C:\level2ph\university-management-auth-service\node_modules\bson\src\objectid.ts:88:15)
      at castObjectId (C:\level2ph\university-management-auth-service\node_modules\mongoose\lib\cast\objectid.js:25:12)
      at ObjectId.cast (C:\level2ph\university-management-auth-service\node_modules\mongoose\lib\schema\objectid.js:246:12)
      at ObjectId.SchemaType.applySetters (C:\level2ph\university-management-auth-service\node_modules\mongoose\lib\schematype.js:1204:12)
      at ObjectId.SchemaType.castForQuery (C:\level2ph\university-management-auth-service\node_modules\mongoose\lib\schematype.js:1616:15)
      at cast (C:\level2ph\university-management-auth-service\node_modules\mongoose\lib\cast.js:348:32)
      at model.Query.Query.cast (C:\level2ph\university-management-auth-service\node_modules\mongoose\lib\query.js:4874:12)
      at model.Query.Query._castConditions (C:\level2ph\university-management-auth-service\node_modules\mongoose\lib\query.js:2210:10)
      at model.Query._findOne (C:\level2ph\university-management-auth-service\node_modules\mongoose\lib\query.js:2497:8)
      at model.Query.exec (C:\level2ph\university-management-auth-service\node_modules\mongoose\lib\query.js:4404:28),
  valueType: 'string',
  model: Model { AcademicSemester },
  level: 'error',
  label: 'University Auth Service',
  timestamp: '2023-06-14T16:13:13.620Z'
}
